mode: set
apibe23/internal/features/users/services/service.go:24.85,30.2 1 1
apibe23/internal/features/users/services/service.go:32.60,35.16 2 1
apibe23/internal/features/users/services/service.go:35.16,38.3 2 1
apibe23/internal/features/users/services/service.go:40.2,44.12 3 1
apibe23/internal/features/users/services/service.go:47.90,51.16 3 0
apibe23/internal/features/users/services/service.go:51.16,54.3 2 0
apibe23/internal/features/users/services/service.go:56.2,57.16 2 0
apibe23/internal/features/users/services/service.go:57.16,59.52 2 0
apibe23/internal/features/users/services/service.go:59.52,61.4 1 0
apibe23/internal/features/users/services/service.go:62.3,62.43 1 0
apibe23/internal/features/users/services/service.go:65.2,66.16 2 0
apibe23/internal/features/users/services/service.go:66.16,68.65 2 0
apibe23/internal/features/users/services/service.go:68.65,70.4 1 0
apibe23/internal/features/users/services/service.go:71.3,71.43 1 0
apibe23/internal/features/users/services/service.go:74.2,75.16 2 0
apibe23/internal/features/users/services/service.go:75.16,77.51 2 0
apibe23/internal/features/users/services/service.go:77.51,79.4 1 0
apibe23/internal/features/users/services/service.go:80.3,80.43 1 0
apibe23/internal/features/users/services/service.go:83.2,83.27 1 0
apibe23/internal/features/users/services/service.go:86.85,89.16 2 0
apibe23/internal/features/users/services/service.go:89.16,91.3 1 0
apibe23/internal/features/users/services/service.go:92.2,96.16 3 0
apibe23/internal/features/users/services/service.go:96.16,98.3 1 0
apibe23/internal/features/users/services/service.go:99.2,102.44 2 0
apibe23/internal/features/users/services/service.go:102.44,104.3 1 0
apibe23/internal/features/users/services/service.go:106.2,106.12 1 0
apibe23/internal/features/users/services/service.go:109.39,109.40 0 0
